<?xml version="1.0" encoding="utf-8"?><testsuites name="pytest tests"><testsuite name="pytest" errors="0" failures="0" skipped="0" tests="10" time="0.986" timestamp="2026-06-08T01:32:55.710126+00:00" hostname="agent-env-7b23d201-327d-4175-9bb9-e55bf3d0b535"><testcase classname="backend.tests.test_kumara_api" name="test_root_ok" time="0.296" /><testcase classname="backend.tests.test_kumara_api" name="test_packages_returns_four" time="0.053" /><testcase classname="backend.tests.test_kumara_api" name="test_coverage_supported" time="0.069" /><testcase classname="backend.tests.test_kumara_api" name="test_coverage_unsupported" time="0.055" /><testcase classname="backend.tests.test_kumara_api" name="test_coverage_empty_returns_400" time="0.054" /><testcase classname="backend.tests.test_kumara_api" name="test_subscription_create_and_persistence" time="0.112" /><testcase classname="backend.tests.test_kumara_api" name="test_subscription_invalid_package" time="0.056" /><testcase classname="backend.tests.test_kumara_api" name="test_subscription_missing_required_field" time="0.059" /><testcase classname="backend.tests.test_kumara_api" name="test_contact_create_and_list" time="0.110" /><testcase classname="backend.tests.test_kumara_api" name="test_contact_invalid_email" time="0.048" /></testsuite></testsuites>