<?xml version="1.0" encoding="utf-8"?><testsuites name="pytest tests"><testsuite name="pytest" errors="0" failures="0" skipped="0" tests="14" time="1.028" timestamp="2026-06-08T02:56:09.982657+00:00" hostname="agent-env-7b23d201-327d-4175-9bb9-e55bf3d0b535"><testcase classname="backend.tests.test_kumara_api" name="test_root_ok" time="0.226" /><testcase classname="backend.tests.test_kumara_api" name="test_packages_returns_nine_with_new_ids" time="0.049" /><testcase classname="backend.tests.test_kumara_api" name="test_coverage_supported[Jakarta Selatan]" time="0.051" /><testcase classname="backend.tests.test_kumara_api" name="test_coverage_supported[Cianjur]" time="0.048" /><testcase classname="backend.tests.test_kumara_api" name="test_coverage_supported[Demak]" time="0.050" /><testcase classname="backend.tests.test_kumara_api" name="test_coverage_supported[Bondowoso]" time="0.046" /><testcase classname="backend.tests.test_kumara_api" name="test_coverage_unsupported_papua" time="0.049" /><testcase classname="backend.tests.test_kumara_api" name="test_coverage_empty_returns_400" time="0.047" /><testcase classname="backend.tests.test_kumara_api" name="test_subscription_create_with_new_package_id_and_persistence" time="0.096" /><testcase classname="backend.tests.test_kumara_api" name="test_subscription_invalid_package" time="0.047" /><testcase classname="backend.tests.test_kumara_api" name="test_subscription_invalid_random_package" time="0.046" /><testcase classname="backend.tests.test_kumara_api" name="test_subscription_missing_required_field" time="0.048" /><testcase classname="backend.tests.test_kumara_api" name="test_contact_create_and_list" time="0.093" /><testcase classname="backend.tests.test_kumara_api" name="test_contact_invalid_email" time="0.046" /></testsuite></testsuites>